2025-01-28 12:49:07,891 - asyncio - DEBUG - Using selector: EpollSelector
2025-01-28 12:49:12,212 - cyberorganism - DEBUG - Enter pressed
2025-01-28 12:49:12,213 - cyberorganism - DEBUG - Buffer text: 'testing 5'
2025-01-28 12:49:12,213 - cyberorganism - DEBUG - Current mode: EDIT
2025-01-28 12:49:12,213 - cyberorganism - DEBUG - Command mode: False
2025-01-28 12:49:12,213 - cyberorganism - DEBUG - Selected index: 0
2025-01-28 12:49:12,213 - cyberorganism - DEBUG - Ctrl state: False
2025-01-28 12:49:12,213 - cyberorganism - DEBUG - Processing edit mode
2025-01-28 12:49:12,213 - cyberorganism - DEBUG - Selected entry: None
2025-01-28 12:49:12,214 - cyberorganism - DEBUG - Cleaned text: 'testing 5', tags: set()
2025-01-28 12:49:12,214 - cyberorganism - DEBUG - Creating new task in edit mode
2025-01-28 12:49:12,215 - cyberorganism - DEBUG - Checking if buffer should be cleared - mode: EDIT, selected_index: 0
2025-01-28 12:49:12,215 - cyberorganism - DEBUG - Clearing buffer
2025-01-28 12:49:12,215 - cyberorganism - DEBUG - ---End of handle_enter---

2025-01-28 12:49:23,529 - cyberorganism - DEBUG - Enter pressed
2025-01-28 12:49:23,529 - cyberorganism - DEBUG - Buffer text: 'testing 6'
2025-01-28 12:49:23,529 - cyberorganism - DEBUG - Current mode: EDIT
2025-01-28 12:49:23,530 - cyberorganism - DEBUG - Command mode: False
2025-01-28 12:49:23,530 - cyberorganism - DEBUG - Selected index: 1
2025-01-28 12:49:23,530 - cyberorganism - DEBUG - Ctrl state: False
2025-01-28 12:49:23,530 - cyberorganism - DEBUG - Processing edit mode
2025-01-28 12:49:23,530 - cyberorganism - DEBUG - Selected entry: Task(id=UUID('f2c097e1-c510-41c7-819c-d999982ed3f4'), title='testing', description='', created_at=datetime.datetime(2025, 1, 28, 5, 32, 57, 590755), tags=set(), metadata={}, completed=False, completed_at=None)
2025-01-28 12:49:23,530 - cyberorganism - DEBUG - Cleaned text: 'testing 6', tags: set()
2025-01-28 12:49:23,530 - cyberorganism - DEBUG - Updating existing task
2025-01-28 12:49:23,530 - cyberorganism - DEBUG - Checking if buffer should be cleared - mode: EDIT, selected_index: 1
2025-01-28 12:49:23,530 - cyberorganism - DEBUG - ---End of handle_enter---

2025-01-28 12:49:25,307 - cyberorganism - DEBUG - Ctrl pressed
2025-01-28 12:49:26,049 - cyberorganism - DEBUG - Enter pressed
2025-01-28 12:49:26,049 - cyberorganism - DEBUG - Buffer text: 'testing 6'
2025-01-28 12:49:26,049 - cyberorganism - DEBUG - Current mode: EDIT
2025-01-28 12:49:26,050 - cyberorganism - DEBUG - Command mode: False
2025-01-28 12:49:26,050 - cyberorganism - DEBUG - Selected index: 1
2025-01-28 12:49:26,050 - cyberorganism - DEBUG - Ctrl state: True
2025-01-28 12:49:26,050 - cyberorganism - DEBUG - Processing edit mode
2025-01-28 12:49:26,050 - cyberorganism - DEBUG - Selected entry: Task(id=UUID('f2c097e1-c510-41c7-819c-d999982ed3f4'), title='testing 6', description='', created_at=datetime.datetime(2025, 1, 28, 5, 32, 57, 590755), tags=set(), metadata={}, completed=False, completed_at=None)
2025-01-28 12:49:26,050 - cyberorganism - DEBUG - Ctrl+Enter detected
2025-01-28 12:49:26,050 - cyberorganism - DEBUG - Completing task
2025-01-28 12:49:26,386 - cyberorganism - DEBUG - Ctrl released
2025-01-28 12:49:27,623 - cyberorganism - DEBUG - Ctrl pressed
2025-01-28 12:49:27,895 - cyberorganism - DEBUG - Enter pressed
2025-01-28 12:49:27,895 - cyberorganism - DEBUG - Buffer text: 'testing again'
2025-01-28 12:49:27,895 - cyberorganism - DEBUG - Current mode: EDIT
2025-01-28 12:49:27,895 - cyberorganism - DEBUG - Command mode: False
2025-01-28 12:49:27,895 - cyberorganism - DEBUG - Selected index: 2
2025-01-28 12:49:27,895 - cyberorganism - DEBUG - Ctrl state: True
2025-01-28 12:49:27,895 - cyberorganism - DEBUG - Processing edit mode
2025-01-28 12:49:27,896 - cyberorganism - DEBUG - Selected entry: Task(id=UUID('0db10299-35ca-4a08-8dc9-d7a859505304'), title='testing again', description='', created_at=datetime.datetime(2025, 1, 28, 5, 38, 22, 315959), tags=set(), metadata={}, completed=False, completed_at=None)
2025-01-28 12:49:27,896 - cyberorganism - DEBUG - Ctrl+Enter detected
2025-01-28 12:49:27,896 - cyberorganism - DEBUG - Completing task
2025-01-28 12:49:28,253 - cyberorganism - DEBUG - Ctrl released
2025-01-28 12:49:28,748 - cyberorganism - DEBUG - Ctrl pressed
2025-01-28 12:49:29,154 - cyberorganism - DEBUG - Enter pressed
2025-01-28 12:49:29,154 - cyberorganism - DEBUG - Buffer text: ''
2025-01-28 12:49:29,155 - cyberorganism - DEBUG - Current mode: EDIT
2025-01-28 12:49:29,155 - cyberorganism - DEBUG - Command mode: False
2025-01-28 12:49:29,155 - cyberorganism - DEBUG - Selected index: 2
2025-01-28 12:49:29,155 - cyberorganism - DEBUG - Ctrl state: True
2025-01-28 12:49:29,155 - cyberorganism - DEBUG - Processing edit mode
2025-01-28 12:49:29,155 - cyberorganism - DEBUG - Selected entry: Task(id=UUID('33c379b4-a110-4c0c-b829-2d00548b8008'), title='testing 2', description='', created_at=datetime.datetime(2025, 1, 28, 5, 42, 17, 470077), tags=set(), metadata={}, completed=False, completed_at=None)
2025-01-28 12:49:29,155 - cyberorganism - DEBUG - Ctrl+Enter detected
2025-01-28 12:49:29,155 - cyberorganism - DEBUG - Completing task
2025-01-28 12:49:30,482 - cyberorganism - DEBUG - Enter pressed
2025-01-28 12:49:30,482 - cyberorganism - DEBUG - Buffer text: ''
2025-01-28 12:49:30,482 - cyberorganism - DEBUG - Current mode: EDIT
2025-01-28 12:49:30,483 - cyberorganism - DEBUG - Command mode: False
2025-01-28 12:49:30,483 - cyberorganism - DEBUG - Selected index: 2
2025-01-28 12:49:30,483 - cyberorganism - DEBUG - Ctrl state: True
2025-01-28 12:49:30,483 - cyberorganism - DEBUG - Processing edit mode
2025-01-28 12:49:30,483 - cyberorganism - DEBUG - Selected entry: Task(id=UUID('17fea0da-ea54-4c6b-9e3d-bee4b0bac421'), title='testing 3', description='', created_at=datetime.datetime(2025, 1, 28, 9, 58, 20, 386707), tags=set(), metadata={}, completed=False, completed_at=None)
2025-01-28 12:49:30,483 - cyberorganism - DEBUG - Ctrl+Enter detected
2025-01-28 12:49:30,483 - cyberorganism - DEBUG - Completing task
2025-01-28 12:49:30,999 - cyberorganism - DEBUG - Enter pressed
2025-01-28 12:49:30,999 - cyberorganism - DEBUG - Buffer text: ''
2025-01-28 12:49:30,999 - cyberorganism - DEBUG - Current mode: EDIT
2025-01-28 12:49:30,999 - cyberorganism - DEBUG - Command mode: False
2025-01-28 12:49:30,999 - cyberorganism - DEBUG - Selected index: 2
2025-01-28 12:49:31,000 - cyberorganism - DEBUG - Ctrl state: True
2025-01-28 12:49:31,000 - cyberorganism - DEBUG - Processing edit mode
2025-01-28 12:49:31,000 - cyberorganism - DEBUG - Selected entry: Task(id=UUID('7337acad-daa0-4b23-9c74-ffc21b1335b9'), title='testing 4', description='', created_at=datetime.datetime(2025, 1, 28, 10, 0, 4, 450820), tags=set(), metadata={}, completed=False, completed_at=None)
2025-01-28 12:49:31,000 - cyberorganism - DEBUG - Ctrl+Enter detected
2025-01-28 12:49:31,000 - cyberorganism - DEBUG - Completing task
2025-01-28 12:49:31,629 - cyberorganism - DEBUG - Enter pressed
2025-01-28 12:49:31,629 - cyberorganism - DEBUG - Buffer text: ''
2025-01-28 12:49:31,629 - cyberorganism - DEBUG - Current mode: EDIT
2025-01-28 12:49:31,629 - cyberorganism - DEBUG - Command mode: False
2025-01-28 12:49:31,629 - cyberorganism - DEBUG - Selected index: 2
2025-01-28 12:49:31,629 - cyberorganism - DEBUG - Ctrl state: True
2025-01-28 12:49:31,629 - cyberorganism - DEBUG - Processing edit mode
2025-01-28 12:49:31,629 - cyberorganism - DEBUG - Selected entry: Task(id=UUID('40ca0df0-e79e-4d9d-b1b8-8634ec8228d6'), title='testing 5', description='', created_at=datetime.datetime(2025, 1, 28, 12, 49, 12, 214259), tags=set(), metadata={}, completed=False, completed_at=None)
2025-01-28 12:49:31,630 - cyberorganism - DEBUG - Ctrl+Enter detected
2025-01-28 12:49:31,630 - cyberorganism - DEBUG - Completing task
2025-01-28 12:49:32,168 - cyberorganism - DEBUG - Ctrl released
2025-01-28 12:49:33,811 - cyberorganism - DEBUG - Ctrl pressed
2025-01-28 12:49:34,757 - cyberorganism - DEBUG - Enter pressed
2025-01-28 12:49:34,757 - cyberorganism - DEBUG - Buffer text: 'testing'
2025-01-28 12:49:34,758 - cyberorganism - DEBUG - Current mode: EDIT
2025-01-28 12:49:34,758 - cyberorganism - DEBUG - Command mode: False
2025-01-28 12:49:34,758 - cyberorganism - DEBUG - Selected index: 1
2025-01-28 12:49:34,758 - cyberorganism - DEBUG - Ctrl state: True
2025-01-28 12:49:34,758 - cyberorganism - DEBUG - Processing edit mode
2025-01-28 12:49:34,758 - cyberorganism - DEBUG - Selected entry: Task(id=UUID('b3891fc4-5022-436a-a241-3474134044f4'), title='testing', description='', created_at=datetime.datetime(2025, 1, 28, 5, 38, 14, 375482), tags=set(), metadata={}, completed=False, completed_at=None)
2025-01-28 12:49:34,758 - cyberorganism - DEBUG - Ctrl+Enter detected
2025-01-28 12:49:34,758 - cyberorganism - DEBUG - Completing task
2025-01-28 12:49:34,890 - cyberorganism - DEBUG - Ctrl released
2025-01-28 12:49:43,869 - cyberorganism - DEBUG - Enter pressed
2025-01-28 12:49:43,869 - cyberorganism - DEBUG - Buffer text: 'exit'
2025-01-28 12:49:43,869 - cyberorganism - DEBUG - Current mode: COMMAND
2025-01-28 12:49:43,870 - cyberorganism - DEBUG - Command mode: True
2025-01-28 12:49:43,870 - cyberorganism - DEBUG - Selected index: 1
2025-01-28 12:49:43,870 - cyberorganism - DEBUG - Ctrl state: False
2025-01-28 12:49:43,870 - cyberorganism - DEBUG - Handling as command
2025-01-28 12:49:43,870 - cyberorganism - DEBUG - Checking if buffer should be cleared - mode: COMMAND, selected_index: 1
2025-01-28 12:49:43,870 - cyberorganism - DEBUG - ---End of handle_enter---

